[23644:23644:0906/111010.048862:WARNING:chrome_main_delegate.cc(596)] This is Chrome version 116.0.5845.140 (not a warning)
[23644:23644:0906/111010.285698:INFO:chrome_browser_cloud_management_controller.cc(168)] Starting CBCM Controller Initialization
[23644:23644:0906/111010.285771:INFO:chrome_browser_cloud_management_controller.cc(196)] No machine level policy manager exists.
[23644:23644:0906/111010.479784:WARNING:bluez_dbus_manager.cc(247)] Floss manager not present, cannot set Floss enable/disable.
[23700:23700:0906/111010.499132:WARNING:sandbox_linux.cc(393)] InitializeSandbox() called with multiple threads in process gpu-process.
[23700:23700:0906/111010.516343:ERROR:gbm_wrapper.cc(253)] Failed to export buffer to dma_buf: Arquivo ou diretório inexistente (2)
[23700:23700:0906/111010.516794:ERROR:gbm_wrapper.cc(253)] Failed to export buffer to dma_buf: Arquivo ou diretório inexistente (2)
[23700:23700:0906/111010.516995:ERROR:gbm_wrapper.cc(253)] Failed to export buffer to dma_buf: Arquivo ou diretório inexistente (2)
[23700:23700:0906/111010.517165:ERROR:gbm_wrapper.cc(253)] Failed to export buffer to dma_buf: Arquivo ou diretório inexistente (2)
[23700:23700:0906/111010.517329:ERROR:gbm_wrapper.cc(253)] Failed to export buffer to dma_buf: Arquivo ou diretório inexistente (2)
[23700:23700:0906/111010.517499:ERROR:gbm_wrapper.cc(253)] Failed to export buffer to dma_buf: Arquivo ou diretório inexistente (2)
[23700:23700:0906/111010.517668:ERROR:gbm_wrapper.cc(253)] Failed to export buffer to dma_buf: Arquivo ou diretório inexistente (2)
[23700:23700:0906/111010.517847:ERROR:gbm_wrapper.cc(253)] Failed to export buffer to dma_buf: Arquivo ou diretório inexistente (2)
[23700:23700:0906/111010.518019:ERROR:gbm_wrapper.cc(253)] Failed to export buffer to dma_buf: Arquivo ou diretório inexistente (2)
[23700:23700:0906/111010.518181:ERROR:gbm_wrapper.cc(253)] Failed to export buffer to dma_buf: Arquivo ou diretório inexistente (2)
[23700:23700:0906/111010.518340:ERROR:gbm_wrapper.cc(253)] Failed to export buffer to dma_buf: Arquivo ou diretório inexistente (2)
[23700:23700:0906/111010.518495:ERROR:gbm_wrapper.cc(253)] Failed to export buffer to dma_buf: Arquivo ou diretório inexistente (2)
[23700:23700:0906/111010.518651:ERROR:gbm_wrapper.cc(253)] Failed to export buffer to dma_buf: Arquivo ou diretório inexistente (2)
[23700:23700:0906/111010.518868:ERROR:gbm_wrapper.cc(253)] Failed to export buffer to dma_buf: Arquivo ou diretório inexistente (2)
[23700:23700:0906/111010.519035:ERROR:gbm_wrapper.cc(253)] Failed to export buffer to dma_buf: Arquivo ou diretório inexistente (2)
[23700:23700:0906/111010.519196:ERROR:gbm_wrapper.cc(253)] Failed to export buffer to dma_buf: Arquivo ou diretório inexistente (2)
[23700:23700:0906/111010.519355:ERROR:gbm_wrapper.cc(253)] Failed to export buffer to dma_buf: Arquivo ou diretório inexistente (2)
[23700:23700:0906/111010.519489:ERROR:gbm_wrapper.cc(253)] Failed to export buffer to dma_buf: Arquivo ou diretório inexistente (2)
[23700:23700:0906/111010.519628:ERROR:gbm_wrapper.cc(253)] Failed to export buffer to dma_buf: Arquivo ou diretório inexistente (2)
[23700:23700:0906/111010.519767:ERROR:gbm_wrapper.cc(253)] Failed to export buffer to dma_buf: Arquivo ou diretório inexistente (2)
[23700:23700:0906/111010.519898:ERROR:gbm_wrapper.cc(253)] Failed to export buffer to dma_buf: Arquivo ou diretório inexistente (2)
[23700:23700:0906/111010.520031:ERROR:gbm_wrapper.cc(253)] Failed to export buffer to dma_buf: Arquivo ou diretório inexistente (2)
[23700:23700:0906/111010.520169:ERROR:gbm_wrapper.cc(253)] Failed to export buffer to dma_buf: Arquivo ou diretório inexistente (2)
[23700:23700:0906/111010.520298:ERROR:gbm_wrapper.cc(253)] Failed to export buffer to dma_buf: Arquivo ou diretório inexistente (2)
[23700:23700:0906/111010.520432:ERROR:gbm_wrapper.cc(253)] Failed to export buffer to dma_buf: Arquivo ou diretório inexistente (2)
[23700:23700:0906/111010.520567:ERROR:gbm_wrapper.cc(253)] Failed to export buffer to dma_buf: Arquivo ou diretório inexistente (2)
[23700:23700:0906/111010.520739:ERROR:gbm_wrapper.cc(253)] Failed to export buffer to dma_buf: Arquivo ou diretório inexistente (2)
[23700:23700:0906/111010.520871:ERROR:gbm_wrapper.cc(253)] Failed to export buffer to dma_buf: Arquivo ou diretório inexistente (2)
[23700:23700:0906/111010.521014:ERROR:gbm_wrapper.cc(253)] Failed to export buffer to dma_buf: Arquivo ou diretório inexistente (2)
[23700:23700:0906/111010.521148:ERROR:gbm_wrapper.cc(253)] Failed to export buffer to dma_buf: Arquivo ou diretório inexistente (2)
[23700:23700:0906/111010.521284:ERROR:gbm_wrapper.cc(253)] Failed to export buffer to dma_buf: Arquivo ou diretório inexistente (2)
[23700:23700:0906/111010.521414:ERROR:gbm_wrapper.cc(253)] Failed to export buffer to dma_buf: Arquivo ou diretório inexistente (2)
[23700:23700:0906/111010.521544:ERROR:gbm_wrapper.cc(253)] Failed to export buffer to dma_buf: Arquivo ou diretório inexistente (2)
[23700:23700:0906/111010.521675:ERROR:gbm_wrapper.cc(253)] Failed to export buffer to dma_buf: Arquivo ou diretório inexistente (2)
[23700:23700:0906/111010.521824:ERROR:gbm_wrapper.cc(253)] Failed to export buffer to dma_buf: Arquivo ou diretório inexistente (2)
[23700:23700:0906/111010.521956:ERROR:gbm_wrapper.cc(253)] Failed to export buffer to dma_buf: Arquivo ou diretório inexistente (2)
[23700:23700:0906/111010.522094:ERROR:gbm_wrapper.cc(253)] Failed to export buffer to dma_buf: Arquivo ou diretório inexistente (2)
[23700:23700:0906/111010.522241:ERROR:gbm_wrapper.cc(253)] Failed to export buffer to dma_buf: Arquivo ou diretório inexistente (2)
[23700:23700:0906/111010.522370:ERROR:gbm_wrapper.cc(253)] Failed to export buffer to dma_buf: Arquivo ou diretório inexistente (2)
[23700:23700:0906/111010.522500:ERROR:gbm_wrapper.cc(253)] Failed to export buffer to dma_buf: Arquivo ou diretório inexistente (2)
[23644:23644:0906/111011.394511:INFO:CONSOLE(0)] "Error with Permissions-Policy header: Unrecognized feature: 'ambient-light-sensor'.", source:  (0)
[23644:23644:0906/111011.394621:INFO:CONSOLE(0)] "Error with Permissions-Policy header: Unrecognized feature: 'bluetooth'.", source:  (0)
[23644:23644:0906/111302.941107:INFO:CONSOLE(0)] "Error with Permissions-Policy header: Origin trial controlled feature not enabled: 'unload'.", source:  (0)
